<?xml version="1.0" encoding="UTF-8" ?>
<testsuite failures="0" time="0.003" errors="0" skipped="0" tests="1" name="src.AppTest">
  <properties>
    <property name="PROCESSOR_ARCHITECTURE" value="x86"/>
    <property name="file.encoding.pkg" value="sun.io"/>
    <property name="LOGONSERVER" value="\\2013-20130809CL"/>
    <property name="ProgramData" value="C:\ProgramData"/>
    <property name="java.home" value="C:\Program Files\Java\jdk1.7.0_01\jre"/>
    <property name="TITLE" value="Tomcat"/>
    <property name="NODE_NAME" value="master"/>
    <property name="JENKINS_URL" value="http://localhost:8080/jenkins/"/>
    <property name="CATALINA_HOME" value="E:\jicheng\apache-tomcat-8.0.14"/>
    <property name="ALLUSERSPROFILE" value="C:\ProgramData"/>
    <property name="java.endorsed.dirs" value="C:\Program Files\Java\jdk1.7.0_01\jre\lib\endorsed"/>
    <property name="PSModulePath" value="C:\Windows\system32\WindowsPowerShell\v1.0\Modules\"/>
    <property name="=::" value="::\"/>
    <property name="USERDOMAIN" value="2013-20130809CL"/>
    <property name="sun.os.patch.level" value="Service Pack 1"/>
    <property name="java.vendor.url" value="http://java.oracle.com/"/>
    <property name="JAVA_OPTS" value=" -Djava.util.logging.config.file=&quot;E:\jicheng\apache-tomcat-8.0.14\conf\logging.properties&quot; -Djava.util.logging.manager=org.apache.juli.ClassLoaderLogManager"/>
    <property name="java.version" value="1.7.0_01"/>
    <property name="JOB_NAME" value="JXC"/>
    <property name="COMPUTERNAME" value="2013-20130809CL"/>
    <property name="windows_tracing_logfile" value="C:\BVTBin\Tests\installpackage\csilogfile.log"/>
    <property name="EXECUTABLE" value="E:\jicheng\apache-tomcat-8.0.14\bin\catalina.bat"/>
    <property name="java.vendor.url.bug" value="http://bugreport.sun.com/bugreport/"/>
    <property name="PUBLIC" value="C:\Users\Public"/>
    <property name="LIBRARY_PATH" value="D:\学习\大一上\计算机系统与基础\MinGW\lib;"/>
    <property name="user.name" value="Administrator"/>
    <property name="SVN_REVISION" value="108"/>
    <property name="sun.io.unicode.encoding" value="UnicodeLittle"/>
    <property name="sun.jnu.encoding" value="GBK"/>
    <property name="java.runtime.name" value="Java(TM) SE Runtime Environment"/>
    <property name="windir" value="C:\Windows"/>
    <property name="PROCESSOR_IDENTIFIER" value="x86 Family 6 Model 58 Stepping 9, GenuineIntel"/>
    <property name="=E:" value="E:\jicheng\apache-tomcat-8.0.14\bin"/>
    <property name="java.specification.name" value="Java Platform API Specification"/>
    <property name="LOCALAPPDATA" value="C:\Users\Administrator\AppData\Local"/>
    <property name="user.timezone" value="Asia/Shanghai"/>
    <property name="user.script" value=""/>
    <property name="path.separator" value=";"/>
    <property name="NUMBER_OF_PROCESSORS" value="4"/>
    <property name="BUILD_TAG" value="jenkins-JXC-56"/>
    <property name="windows_tracing_flags" value="3"/>
    <property name="file.encoding" value="GBK"/>
    <property name="lib" value="C:\Program Files\Microsoft Visual Studio\VC98\mfc\lib;C:\Program Files\Microsoft Visual Studio\VC98\lib"/>
    <property name="sun.java.command" value="jenkins.maven3.agent.Maven31Main E:\jicheng\apache-maven-3.2.3 E:\jicheng\apache-tomcat-8.0.14\webapps\jenkins\WEB-INF\lib\remoting-2.46.jar C:\Users\Administrator\.jenkins\plugins\maven-plugin\WEB-INF\lib\maven31-interceptor-1.5.jar C:\Users\Administrator\.jenkins\plugins\maven-plugin\WEB-INF\lib\maven3-interceptor-commons-1.5.jar 51550"/>
    <property name="HUDSON_URL" value="http://localhost:8080/jenkins/"/>
    <property name="JENKINS_SERVER_COOKIE" value="02ba9e52c9cba952"/>
    <property name="EXECUTOR_NUMBER" value="0"/>
    <property name="Path" value="C:\Program Files\Java\jdk1.7.0_01/bin;C:\Program Files\Java\jdk1.7.0_01\bin;;C:\Windows\system32;C:\Windows;C:\Windows\system32\wbem;C:\Program Files\TortoiseSVN\bin;D:\学习\大一上\计算机系统与基础\MinGW\bin;D:\学习\大一上\计算机系统与基础\MinGW\msys\1.0\bin;D:\学习\大一上\计算机系统与基础\MinGW\bin;E:\jicheng\apache-maven-3.2.3\bin;"/>
    <property name="java.io.tmpdir" value="C:\Users\ADMINI~1\AppData\Local\Temp\"/>
    <property name="APPDATA" value="C:\Users\Administrator\AppData\Roaming"/>
    <property name="user.language" value="zh"/>
    <property name="CATALINA_TMPDIR" value="E:\jicheng\apache-tomcat-8.0.14\temp"/>
    <property name="line.separator" value="
"/>
    <property name="BUILD_URL" value="http://localhost:8080/jenkins/job/JXC/56/"/>
    <property name="JAVA_ENDORSED_DIRS" value="E:\jicheng\apache-tomcat-8.0.14\endorsed"/>
    <property name="ACTION" value="start"/>
    <property name="M2_HOME" value="E:\jicheng\apache-maven-3.2.3"/>
    <property name="java.vm.info" value="mixed mode, sharing"/>
    <property name="sun.desktop" value="windows"/>
    <property name="java.vm.specification.name" value="Java Virtual Machine Specification"/>
    <property name="BUILD_DISPLAY_NAME" value="#56"/>
    <property name="OS" value="Windows_NT"/>
    <property name="guice.disable.misplaced.annotation.check" value="true"/>
    <property name="SVN_REVISION_1" value="108"/>
    <property name="CATALINA_BASE" value="E:\jicheng\apache-tomcat-8.0.14"/>
    <property name="HUDSON_SERVER_COOKIE" value="02ba9e52c9cba952"/>
    <property name="JRE_HOME" value="C:\Program Files\Java\jdk1.7.0_01"/>
    <property name="C_INCLUDE_PATH" value="D:\学习\大一上\计算机系统与基础\MinGW\include;"/>
    <property name="_EXECJAVA" value="start &quot;Tomcat&quot; &quot;C:\Program Files\Java\jdk1.7.0_01\bin\java.exe&quot;"/>
    <property name="_RUNJAVA" value="&quot;C:\Program Files\Java\jdk1.7.0_01\bin\java.exe&quot;"/>
    <property name="MAVEN_HOME" value="E:\jicheng\apache-maven-3.2.3"/>
    <property name="SESSIONNAME" value="Console"/>
    <property name="PATHEXT" value=".COM;.EXE;.BAT;.CMD;.VBS;.VBE;.JS;.JSE;.WSF;.WSH;.MSC"/>
    <property name="java.awt.printerjob" value="sun.awt.windows.WPrinterJob"/>
    <property name="maven3.interceptor.common" value="C:\Users\Administrator\.jenkins\plugins\maven-plugin\WEB-INF\lib\maven3-interceptor-commons-1.5.jar"/>
    <property name="CLASSPATH" value=""/>
    <property name="LOGGING_CONFIG" value="-Djava.util.logging.config.file=&quot;E:\jicheng\apache-tomcat-8.0.14\conf\logging.properties&quot;"/>
    <property name="1830B7BD-F7A3-4c4d-989B-C004DE465EDE" value="1ee4:105eb948"/>
    <property name="HOMEPATH" value="\Users\Administrator"/>
    <property name="os.name" value="Windows 7"/>
    <property name="java.specification.vendor" value="Oracle Corporation"/>
    <property name="FP_NO_HOST_CHECK" value="NO"/>
    <property name="MSDevDir" value="C:\Program Files\Microsoft Visual Studio\Common\MSDev98"/>
    <property name="java.vm.name" value="Java HotSpot(TM) Client VM"/>
    <property name="BUILD_NUMBER" value="56"/>
    <property name="maven3.interceptor" value="C:\Users\Administrator\.jenkins\plugins\maven-plugin\WEB-INF\lib\maven31-interceptor-1.5.jar"/>
    <property name="java.library.path" value="C:\Program Files\Java\jdk1.7.0_01\bin;C:\Windows\Sun\Java\bin;C:\Windows\system32;C:\Windows;E:\jicheng\apache-maven-3.2.3/bin;C:\Program Files\Java\jdk1.7.0_01/bin;C:\Program Files\Java\jdk1.7.0_01/bin;C:\Program Files\Java\jdk1.7.0_01\bin;;C:\Windows\system32;C:\Windows;C:\Windows\system32\wbem;C:\Program Files\TortoiseSVN\bin;D:\学习\大一上\计算机系统与基础\MinGW\bin;D:\学习\大一上\计算机系统与基础\MinGW\msys\1.0\bin;D:\学习\大一上\计算机系统与基础\MinGW\bin;E:\jicheng\apache-maven-3.2.3\bin;;."/>
    <property name="HOMEDRIVE" value="C:"/>
    <property name="POM_GROUPID" value="JXC"/>
    <property name="POM_ARTIFACTID" value="JXC"/>
    <property name="java.class.version" value="51.0"/>
    <property name="LOGGING_MANAGER" value="-Djava.util.logging.manager=org.apache.juli.ClassLoaderLogManager"/>
    <property name="_RUNJDB" value="&quot;C:\Program Files\Java\jdk1.7.0_01\bin\jdb.exe&quot;"/>
    <property name="include" value="C:\Program Files\Microsoft Visual Studio\VC98\atl\include;C:\Program Files\Microsoft Visual Studio\VC98\mfc\include;C:\Program Files\Microsoft Visual Studio\VC98\include"/>
    <property name="JOB_URL" value="http://localhost:8080/jenkins/job/JXC/"/>
    <property name="MAINCLASS" value="org.apache.catalina.startup.Bootstrap"/>
    <property name="JENKINS_HOME" value="C:\Users\Administrator\.jenkins"/>
    <property name="BUILD_ID" value="2014-10-19_11-44-42"/>
    <property name="TEMP" value="C:\Users\ADMINI~1\AppData\Local\Temp"/>
    <property name="sun.boot.library.path" value="C:\Program Files\Java\jdk1.7.0_01\jre\bin"/>
    <property name="sun.management.compiler" value="HotSpot Client Compiler"/>
    <property name="java.awt.graphicsenv" value="sun.awt.Win32GraphicsEnvironment"/>
    <property name="user.variant" value=""/>
    <property name="PROCESSOR_REVISION" value="3a09"/>
    <property name="POM_VERSION" value="0.0.1-SNAPSHOT"/>
    <property name="HUDSON_HOME" value="C:\Users\Administrator\.jenkins"/>
    <property name="PATH+MAVEN" value="E:\jicheng\apache-maven-3.2.3/bin"/>
    <property name="PROMPT" value="$P$G"/>
    <property name="CURRENT_DIR" value="E:\jicheng\apache-tomcat-8.0.14\bin"/>
    <property name="java.vm.specification.version" value="1.7"/>
    <property name="JAVA_HOME" value="C:\Program Files\Java\jdk1.7.0_01"/>
    <property name="awt.toolkit" value="sun.awt.windows.WToolkit"/>
    <property name="NODE_LABELS" value="master"/>
    <property name="sun.cpu.isalist" value="pentium_pro+mmx pentium_pro pentium+mmx pentium i486 i386 i86"/>
    <property name="USERPROFILE" value="C:\Users\Administrator"/>
    <property name="java.ext.dirs" value="C:\Program Files\Java\jdk1.7.0_01\jre\lib\ext;C:\Windows\Sun\Java\lib\ext"/>
    <property name="os.version" value="6.1"/>
    <property name="user.home" value="C:\Users\Administrator"/>
    <property name="USERNAME" value="Administrator"/>
    <property name="java.vm.vendor" value="Oracle Corporation"/>
    <property name="CPLUS_INCLUDE_PATH" value="D:\学习\大一上\计算机系统与基础\MinGW\lib\gcc\mingw32\4.8.1\include\c++\mingw32;D:\学习\大一上\计算机系统与基础\MinGW\lib\gcc\mingw32\4.8.1\include\c++\backward;D:\学习\大一上\计算机系统与基础\MinGW\lib\gcc\mingw32\4.8.1\include;D:\学习\大一上\计算机系统与基础\MinGW\lib\gcc\mingw32\4.8.1\include-fixed;D:\学习\大一上\计算机系统与基础\MinGW\mingw32\include;"/>
    <property name="PROCESSOR_LEVEL" value="6"/>
    <property name="user.dir" value="E:\Java Project\eclipse\workspace\JXC"/>
    <property name="SVN_URL" value="http://code.taobao.org/svn/invoicingsystem/trunk"/>
    <property name="TMP" value="C:\Users\ADMINI~1\AppData\Local\Temp"/>
    <property name="sun.cpu.endian" value="little"/>
    <property name="SystemDrive" value="C:"/>
    <property name="java.vm.version" value="21.1-b02"/>
    <property name="java.class.path" value="C:\Users\Administrator\.jenkins\plugins\maven-plugin\WEB-INF\lib\maven31-agent-1.5.jar;E:\jicheng\apache-maven-3.2.3\boot\plexus-classworlds-2.5.1.jar;E:\jicheng\apache-maven-3.2.3/conf/logging"/>
    <property name="org.slf4j.simpleLogger.defaultLogLevel" value="info"/>
    <property name="os.arch" value="x86"/>
    <property name="WORKSPACE" value="C:\Users\Administrator\.jenkins\jobs\JXC\workspace"/>
    <property name="ComSpec" value="C:\Windows\system32\cmd.exe"/>
    <property name="sun.java.launcher" value="SUN_STANDARD"/>
    <property name="SystemRoot" value="C:\Windows"/>
    <property name="MINGW_HOME" value="D:\学习\大一上\计算机系统与基础\MinGW"/>
    <property name="CommonProgramFiles" value="C:\Program Files\Common Files"/>
    <property name="java.vm.specification.vendor" value="Oracle Corporation"/>
    <property name="file.separator" value="\"/>
    <property name="java.runtime.version" value="1.7.0_01-b08"/>
    <property name="ProgramFiles" value="C:\Program Files"/>
    <property name="sun.boot.class.path" value="C:\Program Files\Java\jdk1.7.0_01\jre\lib\resources.jar;C:\Program Files\Java\jdk1.7.0_01\jre\lib\rt.jar;C:\Program Files\Java\jdk1.7.0_01\jre\lib\sunrsasign.jar;C:\Program Files\Java\jdk1.7.0_01\jre\lib\jsse.jar;C:\Program Files\Java\jdk1.7.0_01\jre\lib\jce.jar;C:\Program Files\Java\jdk1.7.0_01\jre\lib\charsets.jar;C:\Program Files\Java\jdk1.7.0_01\jre\classes"/>
    <property name="SVN_URL_1" value="http://code.taobao.org/svn/invoicingsystem/trunk"/>
    <property name="PATH+JDK" value="C:\Program Files\Java\jdk1.7.0_01/bin"/>
    <property name="user.country" value="CN"/>
    <property name="POM_PACKAGING" value="pom"/>
    <property name="maven.home" value="E:\jicheng\apache-maven-3.2.3"/>
    <property name="java.vendor" value="Oracle Corporation"/>
    <property name="POM_DISPLAYNAME" value="JXC"/>
    <property name="java.specification.version" value="1.7"/>
    <property name="sun.arch.data.model" value="32"/>
  </properties>
  <testcase time="0.003" classname="src.AppTest" name="testApp"/>
</testsuite>