<?xml version="1.0" encoding="UTF-8" ?>
<testsuite failures="1" time="0.005" errors="0" skipped="0" tests="1" name="Promotion.PromotionBLService_DriverTest">
  <properties>
    <property name="java.runtime.name" value="Java(TM) SE Runtime Environment"/>
    <property name="sun.boot.library.path" value="C:\Program Files\Java\jdk1.7.0_01\jre\bin"/>
    <property name="java.vm.version" value="21.1-b02"/>
    <property name="java.vm.vendor" value="Oracle Corporation"/>
    <property name="java.vendor.url" value="http://java.oracle.com/"/>
    <property name="path.separator" value=";"/>
    <property name="java.vm.name" value="Java HotSpot(TM) Client VM"/>
    <property name="file.encoding.pkg" value="sun.io"/>
    <property name="user.script" value=""/>
    <property name="user.country" value="CN"/>
    <property name="sun.java.launcher" value="SUN_STANDARD"/>
    <property name="sun.os.patch.level" value="Service Pack 1"/>
    <property name="java.vm.specification.name" value="Java Virtual Machine Specification"/>
    <property name="user.dir" value="E:\Java Project\eclipse\workspace\JXC\Client"/>
    <property name="java.runtime.version" value="1.7.0_01-b08"/>
    <property name="java.awt.graphicsenv" value="sun.awt.Win32GraphicsEnvironment"/>
    <property name="basedir" value="E:\Java Project\eclipse\workspace\JXC\Client"/>
    <property name="java.endorsed.dirs" value="C:\Program Files\Java\jdk1.7.0_01\jre\lib\endorsed"/>
    <property name="os.arch" value="x86"/>
    <property name="surefire.real.class.path" value="C:\Users\ADMINI~1\AppData\Local\Temp\surefirebooter4946117456479917206.jar"/>
    <property name="java.io.tmpdir" value="C:\Users\ADMINI~1\AppData\Local\Temp\"/>
    <property name="line.separator" value="
"/>
    <property name="java.vm.specification.vendor" value="Oracle Corporation"/>
    <property name="user.variant" value=""/>
    <property name="os.name" value="Windows 7"/>
    <property name="sun.jnu.encoding" value="GBK"/>
    <property name="java.library.path" value="C:\Program Files\Java\jdk1.7.0_01\jre\bin;C:\Windows\Sun\Java\bin;C:\Windows\system32;C:\Windows;E:\jicheng\apache-maven-3.2.3/bin;C:\Program Files\Java\jdk1.7.0_01/bin;C:\Program Files\Java\jdk1.7.0_01/bin;C:\Program Files\Java\jdk1.7.0_01\bin;;C:\Windows\system32;C:\Windows;C:\Windows\system32\wbem;C:\Program Files\TortoiseSVN\bin;D:\学习\大一上\计算机系统与基础\MinGW\bin;D:\学习\大一上\计算机系统与基础\MinGW\msys\1.0\bin;D:\学习\大一上\计算机系统与基础\MinGW\bin;E:\jicheng\apache-maven-3.2.3\bin;C:\Program Files\Microsoft SQL Server\110\Tools\Binn\;C:\Program Files\Windows Kits\8.1\Windows Performance Toolkit\;."/>
    <property name="surefire.test.class.path" value="E:\Java Project\eclipse\workspace\JXC\Client\target\test-classes;E:\Java Project\eclipse\workspace\JXC\Client\target\classes;C:\Users\Administrator\.m2\repository\junit\junit\4.8.2\junit-4.8.2.jar;"/>
    <property name="java.specification.name" value="Java Platform API Specification"/>
    <property name="java.class.version" value="51.0"/>
    <property name="sun.management.compiler" value="HotSpot Client Compiler"/>
    <property name="os.version" value="6.1"/>
    <property name="user.home" value="C:\Users\Administrator"/>
    <property name="user.timezone" value="Asia/Shanghai"/>
    <property name="java.awt.printerjob" value="sun.awt.windows.WPrinterJob"/>
    <property name="java.specification.version" value="1.7"/>
    <property name="file.encoding" value="GBK"/>
    <property name="user.name" value="Administrator"/>
    <property name="java.class.path" value="E:\Java Project\eclipse\workspace\JXC\Client\target\test-classes;E:\Java Project\eclipse\workspace\JXC\Client\target\classes;C:\Users\Administrator\.m2\repository\junit\junit\4.8.2\junit-4.8.2.jar;"/>
    <property name="java.vm.specification.version" value="1.7"/>
    <property name="sun.arch.data.model" value="32"/>
    <property name="java.home" value="C:\Program Files\Java\jdk1.7.0_01\jre"/>
    <property name="sun.java.command" value="C:\Users\ADMINI~1\AppData\Local\Temp\surefirebooter4946117456479917206.jar C:\Users\ADMINI~1\AppData\Local\Temp\surefire4694977886978499197tmp C:\Users\ADMINI~1\AppData\Local\Temp\surefire7905836856115130991tmp"/>
    <property name="java.specification.vendor" value="Oracle Corporation"/>
    <property name="user.language" value="zh"/>
    <property name="awt.toolkit" value="sun.awt.windows.WToolkit"/>
    <property name="java.vm.info" value="mixed mode, sharing"/>
    <property name="java.version" value="1.7.0_01"/>
    <property name="java.ext.dirs" value="C:\Program Files\Java\jdk1.7.0_01\jre\lib\ext;C:\Windows\Sun\Java\lib\ext"/>
    <property name="sun.boot.class.path" value="C:\Program Files\Java\jdk1.7.0_01\jre\lib\resources.jar;C:\Program Files\Java\jdk1.7.0_01\jre\lib\rt.jar;C:\Program Files\Java\jdk1.7.0_01\jre\lib\sunrsasign.jar;C:\Program Files\Java\jdk1.7.0_01\jre\lib\jsse.jar;C:\Program Files\Java\jdk1.7.0_01\jre\lib\jce.jar;C:\Program Files\Java\jdk1.7.0_01\jre\lib\charsets.jar;C:\Program Files\Java\jdk1.7.0_01\jre\classes"/>
    <property name="java.vendor" value="Oracle Corporation"/>
    <property name="localRepository" value="C:\Users\Administrator\.m2\repository"/>
    <property name="file.separator" value="\"/>
    <property name="java.vendor.url.bug" value="http://bugreport.sun.com/bugreport/"/>
    <property name="sun.cpu.endian" value="little"/>
    <property name="sun.io.unicode.encoding" value="UnicodeLittle"/>
    <property name="sun.desktop" value="windows"/>
    <property name="sun.cpu.isalist" value="pentium_pro+mmx pentium_pro pentium+mmx pentium i486 i386 i86"/>
  </properties>
  <testcase time="0.002" classname="junit.framework.TestSuite$1" name="warning">
    <failure message="No tests found in Promotion.PromotionBLService_DriverTest" type="junit.framework.AssertionFailedError">junit.framework.AssertionFailedError: No tests found in Promotion.PromotionBLService_DriverTest
	at junit.framework.Assert.fail(Assert.java:47)
	at junit.framework.TestSuite$1.runTest(TestSuite.java:97)
	at junit.framework.TestCase.runBare(TestCase.java:134)
	at junit.framework.TestResult$1.protect(TestResult.java:110)
	at junit.framework.TestResult.runProtected(TestResult.java:128)
	at junit.framework.TestResult.run(TestResult.java:113)
	at junit.framework.TestCase.run(TestCase.java:124)
	at junit.framework.TestSuite.runTest(TestSuite.java:243)
	at junit.framework.TestSuite.run(TestSuite.java:238)
	at org.junit.internal.runners.JUnit38ClassRunner.run(JUnit38ClassRunner.java:83)
	at org.apache.maven.surefire.junit4.JUnit4TestSet.execute(JUnit4TestSet.java:59)
	at org.apache.maven.surefire.suite.AbstractDirectoryTestSuite.executeTestSet(AbstractDirectoryTestSuite.java:115)
	at org.apache.maven.surefire.suite.AbstractDirectoryTestSuite.execute(AbstractDirectoryTestSuite.java:102)
	at org.apache.maven.surefire.Surefire.run(Surefire.java:180)
	at sun.reflect.NativeMethodAccessorImpl.invoke0(Native Method)
	at sun.reflect.NativeMethodAccessorImpl.invoke(NativeMethodAccessorImpl.java:57)
	at sun.reflect.DelegatingMethodAccessorImpl.invoke(DelegatingMethodAccessorImpl.java:43)
	at java.lang.reflect.Method.invoke(Method.java:601)
	at org.apache.maven.surefire.booter.SurefireBooter.runSuitesInProcess(SurefireBooter.java:350)
	at org.apache.maven.surefire.booter.SurefireBooter.main(SurefireBooter.java:1021)
</failure>
  </testcase>
</testsuite>